-------------------------------------------------------------------------------
Test set: com.wongnai.interview.movie.external.MovieDataServiceImplIntegrationTest
-------------------------------------------------------------------------------
Tests run: 2, Failures: 0, Errors: 2, Skipped: 0, Time elapsed: 3.671 s <<< FAILURE! - in com.wongnai.interview.movie.external.MovieDataServiceImplIntegrationTest
testMappingDataCorrectly(com.wongnai.interview.movie.external.MovieDataServiceImplIntegrationTest)  Time elapsed: 3.512 s  <<< ERROR!
java.lang.NullPointerException
	at com.wongnai.interview.movie.external.MovieDataServiceImplIntegrationTest.testMappingDataCorrectly(MovieDataServiceImplIntegrationTest.java:29)

testFetchAll(com.wongnai.interview.movie.external.MovieDataServiceImplIntegrationTest)  Time elapsed: 0.126 s  <<< ERROR!
java.lang.NullPointerException
	at com.wongnai.interview.movie.external.MovieDataServiceImplIntegrationTest.testFetchAll(MovieDataServiceImplIntegrationTest.java:23)

