-------------------------------------------------------------------------------
Test set: com.wongnai.interview.movie.search.SimpleMovieSearchServiceIntegrationTest
-------------------------------------------------------------------------------
Tests run: 5, Failures: 0, Errors: 5, Skipped: 0, Time elapsed: 0.103 s <<< FAILURE! - in com.wongnai.interview.movie.search.SimpleMovieSearchServiceIntegrationTest
testFindSingleKeywordContainInTitleWithCaseInsensitive(com.wongnai.interview.movie.search.SimpleMovieSearchServiceIntegrationTest)  Time elapsed: 0.012 s  <<< ERROR!
java.lang.NullPointerException
	at com.wongnai.interview.movie.search.SimpleMovieSearchServiceIntegrationTest.assertGloriousMovieKeyword(SimpleMovieSearchServiceIntegrationTest.java:30)
	at com.wongnai.interview.movie.search.SimpleMovieSearchServiceIntegrationTest.testFindSingleKeywordContainInTitleWithCaseInsensitive(SimpleMovieSearchServiceIntegrationTest.java:66)

testFullMovieNameMustNotMatch(com.wongnai.interview.movie.search.SimpleMovieSearchServiceIntegrationTest)  Time elapsed: 0.017 s  <<< ERROR!
java.lang.NullPointerException
	at com.wongnai.interview.movie.search.SimpleMovieSearchServiceIntegrationTest.testFullMovieNameMustNotMatch(SimpleMovieSearchServiceIntegrationTest.java:52)

testPartialWordMustNotMatch(com.wongnai.interview.movie.search.SimpleMovieSearchServiceIntegrationTest)  Time elapsed: 0.004 s  <<< ERROR!
java.lang.NullPointerException
	at com.wongnai.interview.movie.search.SimpleMovieSearchServiceIntegrationTest.testPartialWordMustNotMatch(SimpleMovieSearchServiceIntegrationTest.java:45)

testFindSingleKeywordContainInTitle(com.wongnai.interview.movie.search.SimpleMovieSearchServiceIntegrationTest)  Time elapsed: 0.026 s  <<< ERROR!
java.lang.NullPointerException
	at com.wongnai.interview.movie.search.SimpleMovieSearchServiceIntegrationTest.assertGloriousMovieKeyword(SimpleMovieSearchServiceIntegrationTest.java:30)
	at com.wongnai.interview.movie.search.SimpleMovieSearchServiceIntegrationTest.testFindSingleKeywordContainInTitle(SimpleMovieSearchServiceIntegrationTest.java:26)

testMultiWordMustNotMatch(com.wongnai.interview.movie.search.SimpleMovieSearchServiceIntegrationTest)  Time elapsed: 0.004 s  <<< ERROR!
java.lang.NullPointerException
	at com.wongnai.interview.movie.search.SimpleMovieSearchServiceIntegrationTest.testMultiWordMustNotMatch(SimpleMovieSearchServiceIntegrationTest.java:59)

