-------------------------------------------------------------------------------
Test set: com.wongnai.interview.movie.external.MovieDataServiceImplIntegrationTest
-------------------------------------------------------------------------------
Tests run: 2, Failures: 0, Errors: 2, Skipped: 0, Time elapsed: 162.684 s <<< FAILURE! - in com.wongnai.interview.movie.external.MovieDataServiceImplIntegrationTest
testMappingDataCorrectly(com.wongnai.interview.movie.external.MovieDataServiceImplIntegrationTest)  Time elapsed: 91.24 s  <<< ERROR!
java.lang.NullPointerException
	at com.wongnai.interview.movie.external.MovieDataServiceImplIntegrationTest.testMappingDataCorrectly(MovieDataServiceImplIntegrationTest.java:29)

testFetchAll(com.wongnai.interview.movie.external.MovieDataServiceImplIntegrationTest)  Time elapsed: 71.412 s  <<< ERROR!
java.lang.NullPointerException
	at com.wongnai.interview.movie.external.MovieDataServiceImplIntegrationTest.testFetchAll(MovieDataServiceImplIntegrationTest.java:23)

