-------------------------------------------------------------------------------
Test set: com.wongnai.interview.movie.search.DatabaseMovieSearchServiceIntegrationTest
-------------------------------------------------------------------------------
Tests run: 5, Failures: 4, Errors: 0, Skipped: 0, Time elapsed: 2.762 s <<< FAILURE! - in com.wongnai.interview.movie.search.DatabaseMovieSearchServiceIntegrationTest
testFindSingleKeywordContainInTitleWithCaseInsensitive(com.wongnai.interview.movie.search.DatabaseMovieSearchServiceIntegrationTest)  Time elapsed: 0.137 s  <<< FAILURE!
java.lang.AssertionError: 

Expected: <7>
     but: was <0>
	at com.wongnai.interview.movie.search.DatabaseMovieSearchServiceIntegrationTest.assertGloriousMovieKeyword(DatabaseMovieSearchServiceIntegrationTest.java:30)
	at com.wongnai.interview.movie.search.DatabaseMovieSearchServiceIntegrationTest.testFindSingleKeywordContainInTitleWithCaseInsensitive(DatabaseMovieSearchServiceIntegrationTest.java:67)

testPartialWordMustMatchMovies(com.wongnai.interview.movie.search.DatabaseMovieSearchServiceIntegrationTest)  Time elapsed: 0.013 s  <<< FAILURE!
java.lang.AssertionError: 

Expected: <7>
     but: was <0>
	at com.wongnai.interview.movie.search.DatabaseMovieSearchServiceIntegrationTest.assertGloriousMovieKeyword(DatabaseMovieSearchServiceIntegrationTest.java:30)
	at com.wongnai.interview.movie.search.DatabaseMovieSearchServiceIntegrationTest.testPartialWordMustMatchMovies(DatabaseMovieSearchServiceIntegrationTest.java:45)

testFindSingleKeywordContainInTitle(com.wongnai.interview.movie.search.DatabaseMovieSearchServiceIntegrationTest)  Time elapsed: 0.014 s  <<< FAILURE!
java.lang.AssertionError: 

Expected: <7>
     but: was <0>
	at com.wongnai.interview.movie.search.DatabaseMovieSearchServiceIntegrationTest.assertGloriousMovieKeyword(DatabaseMovieSearchServiceIntegrationTest.java:30)
	at com.wongnai.interview.movie.search.DatabaseMovieSearchServiceIntegrationTest.testFindSingleKeywordContainInTitle(DatabaseMovieSearchServiceIntegrationTest.java:26)

testFullMovieNameMustMatchMovie(com.wongnai.interview.movie.search.DatabaseMovieSearchServiceIntegrationTest)  Time elapsed: 0.007 s  <<< FAILURE!
java.lang.AssertionError: 

Expected: <1>
     but: was <0>
	at com.wongnai.interview.movie.search.DatabaseMovieSearchServiceIntegrationTest.testFullMovieNameMustMatchMovie(DatabaseMovieSearchServiceIntegrationTest.java:52)

